#
# A fatal error has been detected by the Java Runtime Environment:
#
#  EXCEPTION_ACCESS_VIOLATION (0xc0000005) at pc=0x00007ff894f834c6, pid=4848, tid=6916
#
# JRE version: Java(TM) SE Runtime Environment (13.0.2+8) (build 13.0.2+8)
# Java VM: Java HotSpot(TM) 64-Bit Server VM (13.0.2+8, mixed mode, sharing, tiered, compressed oops, g1 gc, windows-amd64)
# Problematic frame:
# V  [jvm.dll+0x1934c6]
#
# No core dump will be written. Minidumps are not enabled by default on client versions of Windows
#
# If you would like to submit a bug report, please visit:
#   http://bugreport.java.com/bugreport/crash.jsp
#

---------------  S U M M A R Y ------------

Command Line: -Dfile.encoding=Cp1252 com.nt.test.LoadTest

Host: Intel(R) Core(TM) i5-2400 CPU @ 3.10GHz, 4 cores, 7G,  Windows 10 , 64 bit Build 18362 (10.0.18362.959)
Time: Wed Sep  9 10:02:44 2020 India Standard Time elapsed time: 2 seconds (0d 0h 0m 2s)

---------------  T H R E A D  ---------------

Current thread (0x000001789ec9d800):  GCTaskThread "GC Thread#2" [stack: 0x0000002c31000000,0x0000002c31100000] [id=6916]

Stack: [0x0000002c31000000,0x0000002c31100000],  sp=0x0000002c310ff888,  free space=1022k
Native frames: (J=compiled Java code, j=interpreted, Vv=VM code, C=native code)
V  [jvm.dll+0x1934c6]


siginfo: EXCEPTION_ACCESS_VIOLATION (0xc0000005), reading address 0x0000000ba37b7378


Register to memory mapping:

RIP=0x00007ff894f834c6 jvm.dll
RAX=0x0 is NULL
RBX=0x0000000000000001 is an unknown value
RCX=0x000000008535cfd8 is pointing into object: [B 
{0x000000008535cfc0} - klass: {type array byte}
 - length: 39
RDX=0x000000008535cfd8 is pointing into object: [B 
{0x000000008535cfc0} - klass: {type array byte}
 - length: 39
RSP=0x0000002c310ff888 points into unknown readable memory: b9 bc 0f 95 f8 7f 00 00
RBP=0x000001789f8d43f0 points into unknown readable memory: 68 b5 66 95 f8 7f 00 00
RSI=0x000001789f8d43f0 points into unknown readable memory: 68 b5 66 95 f8 7f 00 00
RDI=0x000001789f8d43f0 points into unknown readable memory: 68 b5 66 95 f8 7f 00 00
R8 =0x000000008535cfd8 is pointing into object: [B 
{0x000000008535cfc0} - klass: {type array byte}
 - length: 39
R9 =0x0000000ba37b7370 is an unknown value
R10=0x0000000800390f70 is pointing into metadata
R11=0x00000000849caaa0 is an oop: java.lang.reflect.Method 
{0x00000000849caaa0} - klass: 'java/lang/reflect/Method'
R12=0x000001789e27d500 points into unknown readable memory: 00 00 00 00 00 00 00 00
R13=0x0000000000000003 is an unknown value
R14=0x000000008535cfd8 is pointing into object: [B 
{0x000000008535cfc0} - klass: {type array byte}
 - length: 39
R15=0x612e646e69622e6c is an unknown value


Registers:
RAX=0x0000000000000000, RBX=0x0000000000000001, RCX=0x000000008535cfd8, RDX=0x000000008535cfd8
RSP=0x0000002c310ff888, RBP=0x000001789f8d43f0, RSI=0x000001789f8d43f0, RDI=0x000001789f8d43f0
R8 =0x000000008535cfd8, R9 =0x0000000ba37b7370, R10=0x0000000800390f70, R11=0x00000000849caaa0
R12=0x000001789e27d500, R13=0x0000000000000003, R14=0x000000008535cfd8, R15=0x612e646e69622e6c
RIP=0x00007ff894f834c6, EFLAGS=0x0000000000010202

Top of Stack: (sp=0x0000002c310ff888)
0x0000002c310ff888:   00007ff8950fbcb9 000000000000000b
0x0000002c310ff898:   000001789f8d43f0 00000000849caaa0
0x0000002c310ff8a8:   00007ff894df0000 000000000000005a
0x0000002c310ff8b8:   00007ff8950d4a28 000000010000002f
0x0000002c310ff8c8:   00000047849c8eb0 000000000000000b
0x0000002c310ff8d8:   000000000000000d 0000000000000003
0x0000002c310ff8e8:   0000000000000000 00000178ffc1ad78
0x0000002c310ff8f8:   000001789e27d500 000001789f8d43f0
0x0000002c310ff908:   0000002c310ffa28 00000000849caad0
0x0000002c310ff918:   00007ff8950d263d 000001789f8d43f0
0x0000002c310ff928:   00007ff894df0001 0000002c310ffa28
0x0000002c310ff938:   000001789f8d43f0 00000178ffc1ad70
0x0000002c310ff948:   00007ff8950fc8e8 000000000000000f
0x0000002c310ff958:   0000000000000009 0000000000000003
0x0000002c310ff968:   0000002c310ffab0 000001789f8d43f0
0x0000002c310ff978:   000001789e27d500 000001789f8d43f0 

Instructions: (pc=0x00007ff894f834c6)
0x00007ff894f833c6:   24 48 48 83 c4 30 5f c3 48 8b 07 48 8d 54 24 20
0x00007ff894f833d6:   48 8b cf 66 0f 7f 44 24 20 ff 50 38 48 8b 5c 24
0x00007ff894f833e6:   40 48 8b 74 24 48 48 83 c4 30 5f c3 cc cc cc cc
0x00007ff894f833f6:   cc cc cc cc cc cc cc cc cc cc 48 89 5c 24 08 57
0x00007ff894f83406:   48 83 ec 30 48 8b 02 48 8b f9 48 8b ca 48 8b da
0x00007ff894f83416:   ff 50 38 84 c0 74 48 0f 10 83 60 03 00 00 66 0f
0x00007ff894f83426:   73 d8 08 66 48 0f 7e c0 48 85 c0 74 32 0f 10 83
0x00007ff894f83436:   60 03 00 00 48 8b 07 48 8d 54 24 20 48 8b cf 0f
0x00007ff894f83446:   29 44 24 20 ff 50 40 33 c0 48 89 44 24 20 48 89
0x00007ff894f83456:   44 24 28 0f 10 44 24 20 0f 11 83 60 03 00 00 48
0x00007ff894f83466:   8b 5c 24 40 48 83 c4 30 5f c3 48 8b 49 40 48 8b
0x00007ff894f83476:   01 48 ff 60 28 cc cc cc cc cc 80 3d 3a 6e 8e 00
0x00007ff894f83486:   00 48 8b c1 74 1b 8b 51 08 8b 0d 4b 15 86 00 48
0x00007ff894f83496:   d3 e2 48 8b c8 48 03 15 36 15 86 00 e9 19 00 00
0x00007ff894f834a6:   00 48 8b 51 08 48 8b c8 e9 0d 00 00 00 cc cc cc
0x00007ff894f834b6:   cc cc cc cc cc cc cc cc cc cc 4c 8b ca 48 8b d1
0x00007ff894f834c6:   45 8b 41 08 45 85 c0 7e 0e 41 f6 c0 01 75 56 41
0x00007ff894f834d6:   c1 f8 03 41 8b c0 c3 79 4c 80 3d db 6d 8e 00 00
0x00007ff894f834e6:   b8 0c 00 00 00 b9 10 00 00 00 0f 45 c8 8b 05 7b
0x00007ff894f834f6:   27 86 00 ff c8 4c 63 c8 48 63 14 11 41 8b c8 83
0x00007ff894f83506:   e1 3f 48 d3 e2 41 8b c8 48 c1 f9 10 0f b6 c1 49
0x00007ff894f83516:   8d 0c 11 49 f7 d1 48 03 c1 49 c1 e9 03 48 c1 e8
0x00007ff894f83526:   03 41 23 c1 c3 49 8b 01 49 8b c9 48 ff a0 00 01
0x00007ff894f83536:   00 00 cc cc cc cc cc cc cc cc 48 8b c2 c3 cc cc
0x00007ff894f83546:   cc cc cc cc cc cc cc cc cc cc 48 83 ec 38 0f 10
0x00007ff894f83556:   02 48 8b 49 40 48 8d 54 24 20 0f 29 44 24 20 e8
0x00007ff894f83566:   d6 ef ff ff 48 83 c4 38 c3 cc 48 83 ec 38 0f 10
0x00007ff894f83576:   02 48 8b 01 48 8d 54 24 20 0f 29 44 24 20 ff 50
0x00007ff894f83586:   38 48 83 c4 38 c3 cc cc cc cc 48 89 5c 24 08 55
0x00007ff894f83596:   56 57 41 54 41 55 41 56 41 57 48 8d 6c 24 e0 48
0x00007ff894f835a6:   81 ec 20 01 00 00 48 8b 05 c5 64 89 00 48 33 c4
0x00007ff894f835b6:   48 89 45 10 48 8b 05 6f ea 8b 00 45 33 ed 4c 8b 


Stack slot to memory mapping:
stack at sp + 0 slots: 0x00007ff8950fbcb9 jvm.dll
stack at sp + 1 slots: 0x000000000000000b is an unknown value
stack at sp + 2 slots: 0x000001789f8d43f0 points into unknown readable memory: 68 b5 66 95 f8 7f 00 00
stack at sp + 3 slots: 0x00000000849caaa0 is an oop: java.lang.reflect.Method 
{0x00000000849caaa0} - klass: 'java/lang/reflect/Method'
stack at sp + 4 slots: 0x00007ff894df0000 jvm.dll
stack at sp + 5 slots: 0x000000000000005a is an unknown value
stack at sp + 6 slots: 0x00007ff8950d4a28 jvm.dll
stack at sp + 7 slots: 0x000000010000002f is an unknown value


---------------  P R O C E S S  ---------------

Threads class SMR info:
_java_thread_list=0x000001789f75c680, length=11, elements={
0x00000178ffc00800, 0x000001789e23f800, 0x000001789e245800, 0x000001789e25b800,
0x000001789e25e800, 0x000001789e25f800, 0x000001789ebcf800, 0x000001789ebd5000,
0x000001789ec99800, 0x000001789eca0800, 0x000001789f87c800
}

Java Threads: ( => current thread )
  0x00000178ffc00800 JavaThread "main" [_thread_blocked, id=8344, stack(0x0000002c2fe00000,0x0000002c2ff00000)]
  0x000001789e23f800 JavaThread "Reference Handler" daemon [_thread_blocked, id=5816, stack(0x0000002c30500000,0x0000002c30600000)]
  0x000001789e245800 JavaThread "Finalizer" daemon [_thread_blocked, id=9324, stack(0x0000002c30600000,0x0000002c30700000)]
  0x000001789e25b800 JavaThread "Signal Dispatcher" daemon [_thread_blocked, id=7316, stack(0x0000002c30700000,0x0000002c30800000)]
  0x000001789e25e800 JavaThread "Attach Listener" daemon [_thread_blocked, id=6672, stack(0x0000002c30800000,0x0000002c30900000)]
  0x000001789e25f800 JavaThread "C2 CompilerThread0" daemon [_thread_blocked, id=7960, stack(0x0000002c30900000,0x0000002c30a00000)]
  0x000001789ebcf800 JavaThread "C1 CompilerThread0" daemon [_thread_blocked, id=2300, stack(0x0000002c30a00000,0x0000002c30b00000)]
  0x000001789ebd5000 JavaThread "Sweeper thread" daemon [_thread_blocked, id=68, stack(0x0000002c30b00000,0x0000002c30c00000)]
  0x000001789ec99800 JavaThread "Service Thread" daemon [_thread_blocked, id=5064, stack(0x0000002c30c00000,0x0000002c30d00000)]
  0x000001789eca0800 JavaThread "Common-Cleaner" daemon [_thread_blocked, id=2428, stack(0x0000002c30e00000,0x0000002c30f00000)]
  0x000001789f87c800 JavaThread "C2 CompilerThread1" daemon [_thread_blocked, id=9928, stack(0x0000002c31100000,0x0000002c31200000)]

Other Threads:
  0x000001789e216800 VMThread "VM Thread" [stack: 0x0000002c30400000,0x0000002c30500000] [id=7268]
  0x000001789ec9e800 WatcherThread [stack: 0x0000002c30d00000,0x0000002c30e00000] [id=9124]
  0x00000178ffc44800 GCTaskThread "GC Thread#0" [stack: 0x0000002c2ff00000,0x0000002c30000000] [id=3316]
  0x000001789ec9c800 GCTaskThread "GC Thread#1" [stack: 0x0000002c30f00000,0x0000002c31000000] [id=9776]
=>0x000001789ec9d800 GCTaskThread "GC Thread#2" [stack: 0x0000002c31000000,0x0000002c31100000] [id=6916]
  0x00000178ffc56000 ConcurrentGCThread "G1 Main Marker" [stack: 0x0000002c30000000,0x0000002c30100000] [id=7400]
  0x00000178ffc58000 ConcurrentGCThread "G1 Conc#0" [stack: 0x0000002c30100000,0x0000002c30200000] [id=9960]
  0x00000178ffccd800 ConcurrentGCThread "G1 Refine#0" [stack: 0x0000002c30200000,0x0000002c30300000] [id=9148]
  0x000001789e096800 ConcurrentGCThread "G1 Young RemSet Sampling" [stack: 0x0000002c30300000,0x0000002c30400000] [id=3640]

Threads with active compile tasks:
C2 CompilerThread0     2292 1940   !   4       com.sun.xml.bind.v2.model.annotation.LocatableAnnotation::create (106 bytes)
C1 CompilerThread0     2292 1953   !   3       com.sun.xml.bind.v2.model.impl.ClassInfoImpl::addProperty (1382 bytes)
C2 CompilerThread1     2292 1951       4       java.lang.Class::getPackageName (82 bytes)

VM state:at safepoint (normal execution)

VM Mutex/Monitor currently owned by a thread:  ([mutex/lock_event])
[0x00000178ffbfc8d0] Threads_lock - owner thread: 0x000001789e216800
[0x00000178ffbfd1d0] Heap_lock - owner thread: 0x00000178ffc00800

Heap address: 0x0000000081a00000, size: 2022 MB, Compressed Oops mode: 32-bit
Narrow klass base: 0x0000000800000000, Narrow klass shift: 3
Compressed class space size: 1073741824 Address: 0x0000000800b40000

Heap:
 garbage-first heap   total 131072K, used 78542K [0x0000000081a00000, 0x0000000100000000)
  region size 1024K, 82 young (83968K), 7 survivors (7168K)
 Metaspace       used 13705K, capacity 14023K, committed 14208K, reserved 1060864K
  class space    used 1781K, capacity 1904K, committed 1920K, reserved 1048576K
Heap Regions: E=young(eden), S=young(survivor), O=old, HS=humongous(starts), HC=humongous(continues), CS=collection set, F=free, A=archive, TAMS=top-at-mark-start (previous, next)
|   0|0x0000000081a00000, 0x0000000081b00000, 0x0000000081b00000|100%|HS|  |TAMS 0x0000000081a00000, 0x0000000081a00000| Complete 
|   1|0x0000000081b00000, 0x0000000081b00000, 0x0000000081c00000|  0%| F|  |TAMS 0x0000000081b00000, 0x0000000081b00000| Untracked 
|   2|0x0000000081c00000, 0x0000000081c00000, 0x0000000081d00000|  0%| F|  |TAMS 0x0000000081c00000, 0x0000000081c00000| Untracked 
|   3|0x0000000081d00000, 0x0000000081d00000, 0x0000000081e00000|  0%| F|  |TAMS 0x0000000081d00000, 0x0000000081d00000| Untracked 
|   4|0x0000000081e00000, 0x0000000081e00000, 0x0000000081f00000|  0%| F|  |TAMS 0x0000000081e00000, 0x0000000081e00000| Untracked 
|   5|0x0000000081f00000, 0x0000000081f00000, 0x0000000082000000|  0%| F|  |TAMS 0x0000000081f00000, 0x0000000081f00000| Untracked 
|   6|0x0000000082000000, 0x0000000082000000, 0x0000000082100000|  0%| F|  |TAMS 0x0000000082000000, 0x0000000082000000| Untracked 
|   7|0x0000000082100000, 0x0000000082100000, 0x0000000082200000|  0%| F|  |TAMS 0x0000000082100000, 0x0000000082100000| Untracked 
|   8|0x0000000082200000, 0x0000000082200000, 0x0000000082300000|  0%| F|  |TAMS 0x0000000082200000, 0x0000000082200000| Untracked 
|   9|0x0000000082300000, 0x0000000082300000, 0x0000000082400000|  0%| F|  |TAMS 0x0000000082300000, 0x0000000082300000| Untracked 
|  10|0x0000000082400000, 0x0000000082400000, 0x0000000082500000|  0%| F|  |TAMS 0x0000000082400000, 0x0000000082400000| Untracked 
|  11|0x0000000082500000, 0x0000000082500000, 0x0000000082600000|  0%| F|  |TAMS 0x0000000082500000, 0x0000000082500000| Untracked 
|  12|0x0000000082600000, 0x0000000082600000, 0x0000000082700000|  0%| F|  |TAMS 0x0000000082600000, 0x0000000082600000| Untracked 
|  13|0x0000000082700000, 0x0000000082700000, 0x0000000082800000|  0%| F|  |TAMS 0x0000000082700000, 0x0000000082700000| Untracked 
|  14|0x0000000082800000, 0x0000000082800000, 0x0000000082900000|  0%| F|  |TAMS 0x0000000082800000, 0x0000000082800000| Untracked 
|  15|0x0000000082900000, 0x0000000082900000, 0x0000000082a00000|  0%| F|  |TAMS 0x0000000082900000, 0x0000000082900000| Untracked 
|  16|0x0000000082a00000, 0x0000000082a00000, 0x0000000082b00000|  0%| F|  |TAMS 0x0000000082a00000, 0x0000000082a00000| Untracked 
|  17|0x0000000082b00000, 0x0000000082b00000, 0x0000000082c00000|  0%| F|  |TAMS 0x0000000082b00000, 0x0000000082b00000| Untracked 
|  18|0x0000000082c00000, 0x0000000082c00000, 0x0000000082d00000|  0%| F|  |TAMS 0x0000000082c00000, 0x0000000082c00000| Untracked 
|  19|0x0000000082d00000, 0x0000000082d00000, 0x0000000082e00000|  0%| F|  |TAMS 0x0000000082d00000, 0x0000000082d00000| Untracked 
|  20|0x0000000082e00000, 0x0000000082e00000, 0x0000000082f00000|  0%| F|  |TAMS 0x0000000082e00000, 0x0000000082e00000| Untracked 
|  21|0x0000000082f00000, 0x0000000082f00000, 0x0000000083000000|  0%| F|  |TAMS 0x0000000082f00000, 0x0000000082f00000| Untracked 
|  22|0x0000000083000000, 0x0000000083000000, 0x0000000083100000|  0%| F|  |TAMS 0x0000000083000000, 0x0000000083000000| Untracked 
|  23|0x0000000083100000, 0x0000000083100000, 0x0000000083200000|  0%| F|  |TAMS 0x0000000083100000, 0x0000000083100000| Untracked 
|  24|0x0000000083200000, 0x0000000083200000, 0x0000000083300000|  0%| F|  |TAMS 0x0000000083200000, 0x0000000083200000| Untracked 
|  25|0x0000000083300000, 0x0000000083300000, 0x0000000083400000|  0%| F|  |TAMS 0x0000000083300000, 0x0000000083300000| Untracked 
|  26|0x0000000083400000, 0x0000000083400000, 0x0000000083500000|  0%| F|  |TAMS 0x0000000083400000, 0x0000000083400000| Untracked 
|  27|0x0000000083500000, 0x0000000083500000, 0x0000000083600000|  0%| F|  |TAMS 0x0000000083500000, 0x0000000083500000| Untracked 
|  28|0x0000000083600000, 0x0000000083600000, 0x0000000083700000|  0%| F|  |TAMS 0x0000000083600000, 0x0000000083600000| Untracked 
|  29|0x0000000083700000, 0x0000000083700000, 0x0000000083800000|  0%| F|  |TAMS 0x0000000083700000, 0x0000000083700000| Untracked 
|  30|0x0000000083800000, 0x0000000083800000, 0x0000000083900000|  0%| F|  |TAMS 0x0000000083800000, 0x0000000083800000| Untracked 
|  31|0x0000000083900000, 0x0000000083900000, 0x0000000083a00000|  0%| F|  |TAMS 0x0000000083900000, 0x0000000083900000| Untracked 
|  32|0x0000000083a00000, 0x0000000083a00000, 0x0000000083b00000|  0%| F|  |TAMS 0x0000000083a00000, 0x0000000083a00000| Untracked 
|  33|0x0000000083b00000, 0x0000000083b00000, 0x0000000083c00000|  0%| F|  |TAMS 0x0000000083b00000, 0x0000000083b00000| Untracked 
|  34|0x0000000083c00000, 0x0000000083c00000, 0x0000000083d00000|  0%| F|  |TAMS 0x0000000083c00000, 0x0000000083c00000| Untracked 
|  35|0x0000000083d00000, 0x0000000083d00000, 0x0000000083e00000|  0%| F|  |TAMS 0x0000000083d00000, 0x0000000083d00000| Untracked 
|  36|0x0000000083e00000, 0x0000000083e00000, 0x0000000083f00000|  0%| F|  |TAMS 0x0000000083e00000, 0x0000000083e00000| Untracked 
|  37|0x0000000083f00000, 0x0000000083f00000, 0x0000000084000000|  0%| F|  |TAMS 0x0000000083f00000, 0x0000000083f00000| Untracked 
|  38|0x0000000084000000, 0x0000000084000000, 0x0000000084100000|  0%| F|  |TAMS 0x0000000084000000, 0x0000000084000000| Untracked 
|  39|0x0000000084100000, 0x0000000084100000, 0x0000000084200000|  0%| F|  |TAMS 0x0000000084100000, 0x0000000084100000| Untracked 
|  40|0x0000000084200000, 0x0000000084200000, 0x0000000084300000|  0%| F|  |TAMS 0x0000000084200000, 0x0000000084200000| Untracked 
|  41|0x0000000084300000, 0x0000000084300000, 0x0000000084400000|  0%| F|  |TAMS 0x0000000084300000, 0x0000000084300000| Untracked 
|  42|0x0000000084400000, 0x0000000084400000, 0x0000000084500000|  0%| F|  |TAMS 0x0000000084400000, 0x0000000084400000| Untracked 
|  43|0x0000000084500000, 0x0000000084500000, 0x0000000084600000|  0%| F|  |TAMS 0x0000000084500000, 0x0000000084500000| Untracked 
|  44|0x0000000084600000, 0x0000000084600000, 0x0000000084700000|  0%| F|  |TAMS 0x0000000084600000, 0x0000000084600000| Untracked 
|  45|0x0000000084700000, 0x00000000847a8a98, 0x0000000084800000| 65%| S|  |TAMS 0x0000000084700000, 0x0000000084700000| Complete 
|  46|0x0000000084800000, 0x0000000084900000, 0x0000000084900000|100%| S|  |TAMS 0x0000000084800000, 0x0000000084800000| Complete 
|  47|0x0000000084900000, 0x0000000084a00000, 0x0000000084a00000|100%| S|  |TAMS 0x0000000084900000, 0x0000000084900000| Complete 
|  48|0x0000000084a00000, 0x0000000084b00000, 0x0000000084b00000|100%| S|  |TAMS 0x0000000084a00000, 0x0000000084a00000| Complete 
|  49|0x0000000084b00000, 0x0000000084c00000, 0x0000000084c00000|100%| S|  |TAMS 0x0000000084b00000, 0x0000000084b00000| Complete 
|  50|0x0000000084c00000, 0x0000000084d00000, 0x0000000084d00000|100%| S|  |TAMS 0x0000000084c00000, 0x0000000084c00000| Complete 
|  51|0x0000000084d00000, 0x0000000084e00000, 0x0000000084e00000|100%| S|  |TAMS 0x0000000084d00000, 0x0000000084d00000| Complete 
|  52|0x0000000084e00000, 0x0000000084f00000, 0x0000000084f00000|100%| E|CS|TAMS 0x0000000084e00000, 0x0000000084e00000| Complete 
|  53|0x0000000084f00000, 0x0000000085000000, 0x0000000085000000|100%| E|CS|TAMS 0x0000000084f00000, 0x0000000084f00000| Complete 
|  54|0x0000000085000000, 0x0000000085100000, 0x0000000085100000|100%| E|CS|TAMS 0x0000000085000000, 0x0000000085000000| Complete 
|  55|0x0000000085100000, 0x0000000085200000, 0x0000000085200000|100%| E|CS|TAMS 0x0000000085100000, 0x0000000085100000| Complete 
|  56|0x0000000085200000, 0x0000000085300000, 0x0000000085300000|100%| E|CS|TAMS 0x0000000085200000, 0x0000000085200000| Complete 
|  57|0x0000000085300000, 0x0000000085400000, 0x0000000085400000|100%| E|CS|TAMS 0x0000000085300000, 0x0000000085300000| Complete 
|  58|0x0000000085400000, 0x0000000085500000, 0x0000000085500000|100%| E|CS|TAMS 0x0000000085400000, 0x0000000085400000| Complete 
|  59|0x0000000085500000, 0x0000000085600000, 0x0000000085600000|100%| E|CS|TAMS 0x0000000085500000, 0x0000000085500000| Complete 
|  60|0x0000000085600000, 0x0000000085700000, 0x0000000085700000|100%| E|CS|TAMS 0x0000000085600000, 0x0000000085600000| Complete 
|  61|0x0000000085700000, 0x0000000085800000, 0x0000000085800000|100%| E|CS|TAMS 0x0000000085700000, 0x0000000085700000| Complete 
|  62|0x0000000085800000, 0x0000000085900000, 0x0000000085900000|100%| E|CS|TAMS 0x0000000085800000, 0x0000000085800000| Complete 
|  63|0x0000000085900000, 0x0000000085a00000, 0x0000000085a00000|100%| E|CS|TAMS 0x0000000085900000, 0x0000000085900000| Complete 
|  64|0x0000000085a00000, 0x0000000085b00000, 0x0000000085b00000|100%| E|CS|TAMS 0x0000000085a00000, 0x0000000085a00000| Complete 
|  65|0x0000000085b00000, 0x0000000085c00000, 0x0000000085c00000|100%| E|CS|TAMS 0x0000000085b00000, 0x0000000085b00000| Complete 
|  66|0x0000000085c00000, 0x0000000085d00000, 0x0000000085d00000|100%| E|CS|TAMS 0x0000000085c00000, 0x0000000085c00000| Complete 
|  67|0x0000000085d00000, 0x0000000085e00000, 0x0000000085e00000|100%| E|CS|TAMS 0x0000000085d00000, 0x0000000085d00000| Complete 
|  68|0x0000000085e00000, 0x0000000085f00000, 0x0000000085f00000|100%| E|CS|TAMS 0x0000000085e00000, 0x0000000085e00000| Complete 
|  69|0x0000000085f00000, 0x0000000086000000, 0x0000000086000000|100%| E|CS|TAMS 0x0000000085f00000, 0x0000000085f00000| Complete 
|  70|0x0000000086000000, 0x0000000086100000, 0x0000000086100000|100%| E|CS|TAMS 0x0000000086000000, 0x0000000086000000| Complete 
|  71|0x0000000086100000, 0x0000000086200000, 0x0000000086200000|100%| E|CS|TAMS 0x0000000086100000, 0x0000000086100000| Complete 
|  72|0x0000000086200000, 0x0000000086300000, 0x0000000086300000|100%| E|CS|TAMS 0x0000000086200000, 0x0000000086200000| Complete 
|  73|0x0000000086300000, 0x0000000086400000, 0x0000000086400000|100%| E|CS|TAMS 0x0000000086300000, 0x0000000086300000| Complete 
|  74|0x0000000086400000, 0x0000000086500000, 0x0000000086500000|100%| E|CS|TAMS 0x0000000086400000, 0x0000000086400000| Complete 
|  75|0x0000000086500000, 0x0000000086600000, 0x0000000086600000|100%| E|CS|TAMS 0x0000000086500000, 0x0000000086500000| Complete 
|  76|0x0000000086600000, 0x0000000086700000, 0x0000000086700000|100%| E|CS|TAMS 0x0000000086600000, 0x0000000086600000| Complete 
|  77|0x0000000086700000, 0x0000000086800000, 0x0000000086800000|100%| E|CS|TAMS 0x0000000086700000, 0x0000000086700000| Complete 
|  78|0x0000000086800000, 0x0000000086900000, 0x0000000086900000|100%| E|CS|TAMS 0x0000000086800000, 0x0000000086800000| Complete 
|  79|0x0000000086900000, 0x0000000086a00000, 0x0000000086a00000|100%| E|CS|TAMS 0x0000000086900000, 0x0000000086900000| Complete 
|  80|0x0000000086a00000, 0x0000000086b00000, 0x0000000086b00000|100%| E|CS|TAMS 0x0000000086a00000, 0x0000000086a00000| Complete 
|  81|0x0000000086b00000, 0x0000000086c00000, 0x0000000086c00000|100%| E|CS|TAMS 0x0000000086b00000, 0x0000000086b00000| Complete 
|  82|0x0000000086c00000, 0x0000000086d00000, 0x0000000086d00000|100%| E|CS|TAMS 0x0000000086c00000, 0x0000000086c00000| Complete 
|  83|0x0000000086d00000, 0x0000000086e00000, 0x0000000086e00000|100%| E|CS|TAMS 0x0000000086d00000, 0x0000000086d00000| Complete 
|  84|0x0000000086e00000, 0x0000000086f00000, 0x0000000086f00000|100%| E|CS|TAMS 0x0000000086e00000, 0x0000000086e00000| Complete 
|  85|0x0000000086f00000, 0x0000000087000000, 0x0000000087000000|100%| E|CS|TAMS 0x0000000086f00000, 0x0000000086f00000| Complete 
|  86|0x0000000087000000, 0x0000000087100000, 0x0000000087100000|100%| E|CS|TAMS 0x0000000087000000, 0x0000000087000000| Complete 
|  87|0x0000000087100000, 0x0000000087200000, 0x0000000087200000|100%| E|CS|TAMS 0x0000000087100000, 0x0000000087100000| Complete 
|  88|0x0000000087200000, 0x0000000087300000, 0x0000000087300000|100%| E|CS|TAMS 0x0000000087200000, 0x0000000087200000| Complete 
|  89|0x0000000087300000, 0x0000000087400000, 0x0000000087400000|100%| E|CS|TAMS 0x0000000087300000, 0x0000000087300000| Complete 
|  90|0x0000000087400000, 0x0000000087500000, 0x0000000087500000|100%| E|CS|TAMS 0x0000000087400000, 0x0000000087400000| Complete 
|  91|0x0000000087500000, 0x0000000087600000, 0x0000000087600000|100%| E|CS|TAMS 0x0000000087500000, 0x0000000087500000| Complete 
|  92|0x0000000087600000, 0x0000000087700000, 0x0000000087700000|100%| E|CS|TAMS 0x0000000087600000, 0x0000000087600000| Complete 
|  93|0x0000000087700000, 0x0000000087800000, 0x0000000087800000|100%| E|CS|TAMS 0x0000000087700000, 0x0000000087700000| Complete 
|  94|0x0000000087800000, 0x0000000087900000, 0x0000000087900000|100%| E|CS|TAMS 0x0000000087800000, 0x0000000087800000| Complete 
|  95|0x0000000087900000, 0x0000000087a00000, 0x0000000087a00000|100%| E|CS|TAMS 0x0000000087900000, 0x0000000087900000| Complete 
|  96|0x0000000087a00000, 0x0000000087b00000, 0x0000000087b00000|100%| E|CS|TAMS 0x0000000087a00000, 0x0000000087a00000| Complete 
|  97|0x0000000087b00000, 0x0000000087c00000, 0x0000000087c00000|100%| E|CS|TAMS 0x0000000087b00000, 0x0000000087b00000| Complete 
|  98|0x0000000087c00000, 0x0000000087d00000, 0x0000000087d00000|100%| E|CS|TAMS 0x0000000087c00000, 0x0000000087c00000| Complete 
|  99|0x0000000087d00000, 0x0000000087e00000, 0x0000000087e00000|100%| E|CS|TAMS 0x0000000087d00000, 0x0000000087d00000| Complete 
| 100|0x0000000087e00000, 0x0000000087f00000, 0x0000000087f00000|100%| E|CS|TAMS 0x0000000087e00000, 0x0000000087e00000| Complete 
| 101|0x0000000087f00000, 0x0000000088000000, 0x0000000088000000|100%| E|CS|TAMS 0x0000000087f00000, 0x0000000087f00000| Complete 
| 102|0x0000000088000000, 0x0000000088100000, 0x0000000088100000|100%| E|CS|TAMS 0x0000000088000000, 0x0000000088000000| Complete 
| 103|0x0000000088100000, 0x0000000088200000, 0x0000000088200000|100%| E|CS|TAMS 0x0000000088100000, 0x0000000088100000| Complete 
| 104|0x0000000088200000, 0x0000000088300000, 0x0000000088300000|100%| E|CS|TAMS 0x0000000088200000, 0x0000000088200000| Complete 
| 105|0x0000000088300000, 0x0000000088400000, 0x0000000088400000|100%| E|CS|TAMS 0x0000000088300000, 0x0000000088300000| Complete 
| 106|0x0000000088400000, 0x0000000088500000, 0x0000000088500000|100%| E|CS|TAMS 0x0000000088400000, 0x0000000088400000| Complete 
| 107|0x0000000088500000, 0x0000000088600000, 0x0000000088600000|100%| E|CS|TAMS 0x0000000088500000, 0x0000000088500000| Complete 
| 108|0x0000000088600000, 0x0000000088700000, 0x0000000088700000|100%| E|CS|TAMS 0x0000000088600000, 0x0000000088600000| Complete 
| 109|0x0000000088700000, 0x0000000088800000, 0x0000000088800000|100%| E|CS|TAMS 0x0000000088700000, 0x0000000088700000| Complete 
| 110|0x0000000088800000, 0x0000000088900000, 0x0000000088900000|100%| E|CS|TAMS 0x0000000088800000, 0x0000000088800000| Complete 
| 111|0x0000000088900000, 0x0000000088a00000, 0x0000000088a00000|100%| E|CS|TAMS 0x0000000088900000, 0x0000000088900000| Complete 
| 112|0x0000000088a00000, 0x0000000088b00000, 0x0000000088b00000|100%| E|CS|TAMS 0x0000000088a00000, 0x0000000088a00000| Complete 
| 113|0x0000000088b00000, 0x0000000088bb39e0, 0x0000000088c00000| 70%| E|CS|TAMS 0x0000000088b00000, 0x0000000088b00000| Complete 
| 114|0x0000000088c00000, 0x0000000088d00000, 0x0000000088d00000|100%| E|CS|TAMS 0x0000000088c00000, 0x0000000088c00000| Complete 
| 115|0x0000000088d00000, 0x0000000088e00000, 0x0000000088e00000|100%| E|CS|TAMS 0x0000000088d00000, 0x0000000088d00000| Complete 
| 116|0x0000000088e00000, 0x0000000088f00000, 0x0000000088f00000|100%| E|CS|TAMS 0x0000000088e00000, 0x0000000088e00000| Complete 
| 117|0x0000000088f00000, 0x0000000089000000, 0x0000000089000000|100%| E|CS|TAMS 0x0000000088f00000, 0x0000000088f00000| Complete 
| 118|0x0000000089000000, 0x0000000089100000, 0x0000000089100000|100%| E|CS|TAMS 0x0000000089000000, 0x0000000089000000| Complete 
| 119|0x0000000089100000, 0x0000000089200000, 0x0000000089200000|100%| E|CS|TAMS 0x0000000089100000, 0x0000000089100000| Complete 
| 120|0x0000000089200000, 0x0000000089300000, 0x0000000089300000|100%| E|CS|TAMS 0x0000000089200000, 0x0000000089200000| Complete 
| 121|0x0000000089300000, 0x0000000089400000, 0x0000000089400000|100%| E|CS|TAMS 0x0000000089300000, 0x0000000089300000| Complete 
| 122|0x0000000089400000, 0x0000000089500000, 0x0000000089500000|100%| E|CS|TAMS 0x0000000089400000, 0x0000000089400000| Complete 
| 123|0x0000000089500000, 0x0000000089600000, 0x0000000089600000|100%| E|CS|TAMS 0x0000000089500000, 0x0000000089500000| Complete 
| 124|0x0000000089600000, 0x0000000089700000, 0x0000000089700000|100%| E|CS|TAMS 0x0000000089600000, 0x0000000089600000| Complete 
| 125|0x0000000089700000, 0x0000000089800000, 0x0000000089800000|100%| E|CS|TAMS 0x0000000089700000, 0x0000000089700000| Complete 
| 126|0x0000000089800000, 0x0000000089900000, 0x0000000089900000|100%| E|CS|TAMS 0x0000000089800000, 0x0000000089800000| Complete 
| 127|0x0000000089900000, 0x0000000089a00000, 0x0000000089a00000|100%| E|CS|TAMS 0x0000000089900000, 0x0000000089900000| Complete 

Card table byte_map: [0x0000017897830000,0x0000017897c30000] _byte_map_base: 0x0000017897423000

Marking Bits (Prev, Next): (CMBitMap*) 0x00000178ffc45608, (CMBitMap*) 0x00000178ffc45648
 Prev Bits: [0x0000017898030000, 0x0000017899fc8000)
 Next Bits: [0x0000017899fd0000, 0x000001789bf68000)

Polling page: 0x00000178fdb30000

Metaspace:

Usage:
  Non-class:     11.83 MB capacity,    11.64 MB ( 98%) used,   174.32 KB (  1%) free+waste,    21.13 KB ( <1%) overhead. 
      Class:      1.86 MB capacity,     1.74 MB ( 94%) used,   111.20 KB (  6%) free+waste,    11.00 KB ( <1%) overhead. 
       Both:     13.69 MB capacity,    13.38 MB ( 98%) used,   285.52 KB (  2%) free+waste,    32.13 KB ( <1%) overhead. 

Virtual space:
  Non-class space:       12.00 MB reserved,      12.00 MB (100%) committed 
      Class space:        1.00 GB reserved,       1.88 MB ( <1%) committed 
             Both:        1.01 GB reserved,      13.88 MB (  1%) committed 

Chunk freelists:
   Non-Class:  41.00 KB
       Class:  16.00 KB
        Both:  57.00 KB

MaxMetaspaceSize: 17179869184.00 GB
CompressedClassSpaceSize: 1.00 GB

CodeHeap 'non-profiled nmethods': size=120000Kb used=827Kb max_used=827Kb free=119172Kb
 bounds [0x000001788ff00000, 0x0000017890170000, 0x0000017897430000]
CodeHeap 'profiled nmethods': size=120000Kb used=4837Kb max_used=4837Kb free=115162Kb
 bounds [0x00000178889d0000, 0x0000017888e90000, 0x000001788ff00000]
CodeHeap 'non-nmethods': size=5760Kb used=1205Kb max_used=1261Kb free=4554Kb
 bounds [0x0000017888430000, 0x00000178886a0000, 0x00000178889d0000]
 total_blobs=3203 nmethods=1947 adapters=374
 compilation: enabled
              stopped_count=0, restarted_count=0
 full_count=0

Compilation events (20 events):
Event: 2.147 Thread 0x000001789ebcf800 nmethod 1942 0x0000017888e80210 code [0x0000017888e803c0, 0x0000017888e80578]
Event: 2.147 Thread 0x000001789ebcf800 1937       1       com.sun.xml.bind.v2.model.impl.ElementPropertyInfoImpl::ref (5 bytes)
Event: 2.147 Thread 0x000001789ebcf800 nmethod 1937 0x000001788ffcdd10 code [0x000001788ffcdea0, 0x000001788ffcdfd8]
Event: 2.148 Thread 0x000001789ebcf800 1943       1       com.sun.xml.bind.v2.model.impl.ClassInfoImpl::access$100 (5 bytes)
Event: 2.148 Thread 0x000001789ebcf800 nmethod 1943 0x000001788ffce090 code [0x000001788ffce220, 0x000001788ffce318]
Event: 2.148 Thread 0x000001789ebcf800 1944       3       com.sun.xml.bind.v2.model.impl.ElementPropertyInfoImpl::kind (4 bytes)
Event: 2.148 Thread 0x000001789ebcf800 nmethod 1944 0x0000017888e80610 code [0x0000017888e807c0, 0x0000017888e80958]
Event: 2.148 Thread 0x000001789ebcf800 1945       3       com.sun.xml.bind.v2.model.annotation.RuntimeInlineAnnotationReader::getClassValue (7 bytes)
Event: 2.148 Thread 0x000001789ebcf800 nmethod 1945 0x0000017888e80a10 code [0x0000017888e80bc0, 0x0000017888e80d70]
Event: 2.148 Thread 0x000001789ebcf800 1946       3       java.lang.reflect.AccessibleObject::logIfExportedForIllegalAccess (54 bytes)
Event: 2.149 Thread 0x000001789ebcf800 nmethod 1946 0x0000017888e80e10 code [0x0000017888e81040, 0x0000017888e81970]
Event: 2.149 Thread 0x000001789ebcf800 1947       3       java.util.Collections$UnmodifiableCollection::<init> (22 bytes)
Event: 2.149 Thread 0x000001789ebcf800 nmethod 1947 0x0000017888e81c90 code [0x0000017888e81e60, 0x0000017888e821b0]
Event: 2.150 Thread 0x000001789ebcf800 1948       3       com.sun.xml.bind.v2.model.impl.ElementPropertyInfoImpl::getTypes (469 bytes)
Event: 2.150 Thread 0x000001789f87c800 nmethod 1941 0x000001788ffce390 code [0x000001788ffce520, 0x000001788ffce978]
Event: 2.151 Thread 0x000001789f87c800 1949       4       java.util.LinkedHashMap::afterNodeInsertion (40 bytes)
Event: 2.152 Thread 0x000001789f87c800 nmethod 1949 0x000001788ffcea10 code [0x000001788ffceba0, 0x000001788ffcec58]
Event: 2.152 Thread 0x000001789f87c800 1951       4       java.lang.Class::getPackageName (82 bytes)
Event: 2.153 Thread 0x000001789ebcf800 nmethod 1948 0x0000017888e82290 code [0x0000017888e82a20, 0x0000017888e87e70]
Event: 2.153 Thread 0x000001789ebcf800 1953   !   3       com.sun.xml.bind.v2.model.impl.ClassInfoImpl::addProperty (1382 bytes)

GC Heap History (3 events):
Event: 0.286 GC heap before
{Heap before GC invocations=0 (full 0):
 garbage-first heap   total 131072K, used 14336K [0x0000000081a00000, 0x0000000100000000)
  region size 1024K, 14 young (14336K), 0 survivors (0K)
 Metaspace       used 267K, capacity 4486K, committed 4864K, reserved 1056768K
  class space    used 11K, capacity 386K, committed 512K, reserved 1048576K
}
Event: 0.289 GC heap after
{Heap after GC invocations=1 (full 0):
 garbage-first heap   total 131072K, used 1742K [0x0000000081a00000, 0x0000000100000000)
  region size 1024K, 1 young (1024K), 1 survivors (1024K)
 Metaspace       used 267K, capacity 4486K, committed 4864K, reserved 1056768K
  class space    used 11K, capacity 386K, committed 512K, reserved 1048576K
}
Event: 2.154 GC heap before
{Heap before GC invocations=1 (full 0):
 garbage-first heap   total 131072K, used 77518K [0x0000000081a00000, 0x0000000100000000)
  region size 1024K, 76 young (77824K), 1 survivors (1024K)
 Metaspace       used 13705K, capacity 14023K, committed 14208K, reserved 1060864K
  class space    used 1781K, capacity 1904K, committed 1920K, reserved 1048576K
}

Deoptimization events (20 events):
Event: 1.885 Thread 0x00000178ffc00800 DEOPT PACKING pc=0x0000017888d8e03f sp=0x0000002c2fefb1c0
Event: 1.885 Thread 0x00000178ffc00800 DEOPT UNPACKING pc=0x000001788847964e sp=0x0000002c2fefa678 mode 0
Event: 1.885 Thread 0x00000178ffc00800 DEOPT PACKING pc=0x0000017888d8e03f sp=0x0000002c2fefb1c0
Event: 1.885 Thread 0x00000178ffc00800 DEOPT UNPACKING pc=0x000001788847964e sp=0x0000002c2fefa678 mode 0
Event: 1.886 Thread 0x00000178ffc00800 DEOPT PACKING pc=0x0000017888d8e03f sp=0x0000002c2fefb1c0
Event: 1.886 Thread 0x00000178ffc00800 DEOPT UNPACKING pc=0x000001788847964e sp=0x0000002c2fefa678 mode 0
Event: 1.886 Thread 0x00000178ffc00800 DEOPT PACKING pc=0x0000017888d8e03f sp=0x0000002c2fefb1c0
Event: 1.886 Thread 0x00000178ffc00800 DEOPT UNPACKING pc=0x000001788847964e sp=0x0000002c2fefa678 mode 0
Event: 1.886 Thread 0x00000178ffc00800 DEOPT PACKING pc=0x0000017888d8e03f sp=0x0000002c2fefb1c0
Event: 1.886 Thread 0x00000178ffc00800 DEOPT UNPACKING pc=0x000001788847964e sp=0x0000002c2fefa678 mode 0
Event: 1.905 Thread 0x00000178ffc00800 Uncommon trap: trap_request=0xffffff45 fr.pc=0x000001788ff8a674 relative=0x00000000000000d4
Event: 1.905 Thread 0x00000178ffc00800 Uncommon trap: reason=unstable_if action=reinterpret pc=0x000001788ff8a674 method=com.sun.org.apache.xerces.internal.impl.dtd.models.CMStateSet.getBit(I)Z @ 37 c2
Event: 1.905 Thread 0x00000178ffc00800 DEOPT PACKING pc=0x000001788ff8a674 sp=0x0000002c2fefc7c0
Event: 1.905 Thread 0x00000178ffc00800 DEOPT UNPACKING pc=0x000001788847912f sp=0x0000002c2fefc738 mode 2
Event: 1.906 Thread 0x00000178ffc00800 Uncommon trap: trap_request=0xffffff45 fr.pc=0x000001788ff980ac relative=0x000000000000008c
Event: 1.906 Thread 0x00000178ffc00800 Uncommon trap: reason=unstable_if action=reinterpret pc=0x000001788ff980ac method=com.sun.org.apache.xerces.internal.impl.dtd.models.CMStateSet.isEmpty()Z @ 20 c2
Event: 1.906 Thread 0x00000178ffc00800 DEOPT PACKING pc=0x000001788ff980ac sp=0x0000002c2fefca00
Event: 1.906 Thread 0x00000178ffc00800 DEOPT UNPACKING pc=0x000001788847912f sp=0x0000002c2fefc990 mode 2
Event: 1.925 Thread 0x00000178ffc00800 DEOPT PACKING pc=0x0000017888c193e8 sp=0x0000002c2fef9910
Event: 1.925 Thread 0x00000178ffc00800 DEOPT UNPACKING pc=0x000001788847964e sp=0x0000002c2fef8e18 mode 0

Classes unloaded (0 events):
No events

Classes redefined (0 events):
No events

Internal exceptions (8 events):
Event: 0.475 Thread 0x00000178ffc00800 Exception <a 'java/lang/NoSuchMethodError'{0x0000000087fd90f8}: 'void java.lang.invoke.DelegatingMethodHandle$Holder.delegate(java.lang.Object, java.lang.Object, int, java.lang.Object)'> (0x0000000087fd90f8) 
thrown [t:/workspace/open/src/hotspot/share/interpreter/linkResolver.cpp, line 767]
Event: 0.476 Thread 0x00000178ffc00800 Exception <a 'java/lang/NoSuchMethodError'{0x0000000087fdfdf8}: 'java.lang.Object java.lang.invoke.DirectMethodHandle$Holder.invokeStaticInit(java.lang.Object, java.lang.Object, java.lang.Object)'> (0x0000000087fdfdf8) 
thrown [t:/workspace/open/src/hotspot/share/interpreter/linkResolver.cpp, line 767]
Event: 0.940 Thread 0x00000178ffc00800 Exception <a 'java/lang/NullPointerException'{0x0000000086fdf7b0}> (0x0000000086fdf7b0) 
thrown [t:/workspace/open/src/hotspot/share/interpreter/linkResolver.cpp, line 1431]
Event: 0.967 Thread 0x00000178ffc00800 Implicit null exception at 0x000001788ff41de8 to 0x000001788ff41e7a
Event: 1.153 Thread 0x00000178ffc00800 Exception <a 'java/lang/NoSuchMethodError'{0x00000000868e9d30}: 'int java.lang.invoke.DirectMethodHandle$Holder.invokeSpecialIFC(java.lang.Object, java.lang.Object, int)'> (0x00000000868e9d30) 
thrown [t:/workspace/open/src/hotspot/share/interpreter/linkResolver.cpp, line 767]
Event: 1.160 Thread 0x00000178ffc00800 Exception <a 'java/lang/ClassNotFoundException'{0x00000000868fbe50}: com/sun/org/apache/xerces/internal/impl/xpath/regex/spi/messageProvider> (0x00000000868fbe50) 
thrown [t:/workspace/open/src/hotspot/share/classfile/systemDictionary.cpp, line 232]
Event: 1.279 Thread 0x00000178ffc00800 Exception <a 'java/lang/NoSuchMethodError'{0x0000000086436d08}: 'java.lang.Object java.lang.invoke.DirectMethodHandle$Holder.invokeStaticInit(java.lang.Object, int, int, int, int)'> (0x0000000086436d08) 
thrown [t:/workspace/open/src/hotspot/share/interpreter/linkResolver.cpp, line 767]
Event: 1.458 Thread 0x00000178ffc00800 Exception <a 'java/lang/NoSuchMethodError'{0x0000000086490740}: 'java.lang.Object java.lang.invoke.DirectMethodHandle$Holder.invokeStaticInit(java.lang.Object, java.lang.Object, int, int, int, int)'> (0x0000000086490740) 
thrown [t:/workspace/open/src/hotspot/share/interpreter/linkResolver.cpp, line 767]

Events (20 events):
Event: 2.047 loading class org/hibernate/boot/jaxb/hbm/spi/JaxbHbmOuterJoinEnum done
Event: 2.047 loading class org/hibernate/boot/jaxb/hbm/spi/JaxbHbmOnDeleteEnum
Event: 2.047 loading class org/hibernate/boot/jaxb/hbm/spi/JaxbHbmOnDeleteEnum done
Event: 2.075 loading class org/hibernate/boot/jaxb/hbm/spi/JaxbHbmFetchStyleWithSubselectEnum
Event: 2.075 loading class org/hibernate/boot/jaxb/hbm/spi/JaxbHbmFetchStyleWithSubselectEnum done
Event: 2.076 loading class org/hibernate/boot/jaxb/hbm/spi/JaxbHbmLazyWithExtraEnum
Event: 2.076 loading class org/hibernate/boot/jaxb/hbm/spi/JaxbHbmLazyWithExtraEnum done
Event: 2.083 loading class org/hibernate/boot/jaxb/hbm/spi/JaxbHbmCacheInclusionEnum
Event: 2.083 loading class org/hibernate/boot/jaxb/hbm/spi/JaxbHbmCacheInclusionEnum done
Event: 2.084 loading class org/hibernate/boot/jaxb/hbm/spi/Adapter2
Event: 2.084 loading class org/hibernate/boot/jaxb/hbm/spi/Adapter2 done
Event: 2.092 loading class org/hibernate/boot/jaxb/hbm/spi/JaxbHbmLazyEnum
Event: 2.092 loading class org/hibernate/boot/jaxb/hbm/spi/JaxbHbmLazyEnum done
Event: 2.108 loading class org/hibernate/engine/spi/ExecuteUpdateResultCheckStyle
Event: 2.108 loading class org/hibernate/engine/spi/ExecuteUpdateResultCheckStyle done
Event: 2.109 loading class org/hibernate/boot/jaxb/hbm/spi/Adapter3
Event: 2.109 loading class org/hibernate/boot/jaxb/hbm/spi/Adapter3 done
Event: 2.137 Executing VM operation: ICBufferFull
Event: 2.137 Executing VM operation: ICBufferFull done
Event: 2.154 Executing VM operation: G1CollectForAllocation


Dynamic libraries:
0x00007ff7bba50000 - 0x00007ff7bba5f000 	C:\Program Files\Java\jdk-13.0.2\bin\javaw.exe
0x00007ff8c2e40000 - 0x00007ff8c3030000 	C:\WINDOWS\SYSTEM32\ntdll.dll
0x00007ff8c29d0000 - 0x00007ff8c2a82000 	C:\WINDOWS\System32\KERNEL32.DLL
0x00007ff8c0c40000 - 0x00007ff8c0ee4000 	C:\WINDOWS\System32\KERNELBASE.dll
0x00007ff8c0380000 - 0x00007ff8c047a000 	C:\WINDOWS\System32\ucrtbase.dll
0x00007ff8b9160000 - 0x00007ff8b9178000 	C:\Program Files\Java\jdk-13.0.2\bin\jli.dll
0x00007ff8b88b0000 - 0x00007ff8b88c5000 	C:\Program Files\Java\jdk-13.0.2\bin\VCRUNTIME140.dll
0x00007ff8c1d80000 - 0x00007ff8c1e23000 	C:\WINDOWS\System32\ADVAPI32.dll
0x00007ff8c10c0000 - 0x00007ff8c115e000 	C:\WINDOWS\System32\msvcrt.dll
0x00007ff8c23b0000 - 0x00007ff8c2447000 	C:\WINDOWS\System32\sechost.dll
0x00007ff8c0f70000 - 0x00007ff8c1090000 	C:\WINDOWS\System32\RPCRT4.dll
0x00007ff8c1be0000 - 0x00007ff8c1d75000 	C:\WINDOWS\System32\USER32.dll
0x00007ff8c0c10000 - 0x00007ff8c0c31000 	C:\WINDOWS\System32\win32u.dll
0x00007ff8c1090000 - 0x00007ff8c10b6000 	C:\WINDOWS\System32\GDI32.dll
0x00007ff8c01e0000 - 0x00007ff8c0376000 	C:\WINDOWS\System32\gdi32full.dll
0x00007ff8c0140000 - 0x00007ff8c01de000 	C:\WINDOWS\System32\msvcp_win.dll
0x00007ff8b93c0000 - 0x00007ff8b9644000 	C:\WINDOWS\WinSxS\amd64_microsoft.windows.common-controls_6595b64144ccf1df_6.0.18362.1016_none_9e7a36bbe461dae4\COMCTL32.dll
0x00007ff8c1e30000 - 0x00007ff8c2165000 	C:\WINDOWS\System32\combase.dll
0x00007ff8bfed0000 - 0x00007ff8bff50000 	C:\WINDOWS\System32\bcryptPrimitives.dll
0x00007ff8b3220000 - 0x00007ff8b322a000 	C:\WINDOWS\SYSTEM32\VERSION.dll
0x00007ff8c2460000 - 0x00007ff8c248e000 	C:\WINDOWS\System32\IMM32.DLL
0x00007ff8b74b0000 - 0x00007ff8b754b000 	C:\Program Files\Java\jdk-13.0.2\bin\msvcp140.dll
0x00007ff894df0000 - 0x00007ff89594d000 	C:\Program Files\Java\jdk-13.0.2\bin\server\jvm.dll
0x00007ff8c2170000 - 0x00007ff8c2178000 	C:\WINDOWS\System32\PSAPI.DLL
0x00007ff8b2360000 - 0x00007ff8b2369000 	C:\WINDOWS\SYSTEM32\WSOCK32.dll
0x00007ff8c2b40000 - 0x00007ff8c2baf000 	C:\WINDOWS\System32\WS2_32.dll
0x00007ff8bdd30000 - 0x00007ff8bdd54000 	C:\WINDOWS\SYSTEM32\WINMM.dll
0x00007ff8bd7b0000 - 0x00007ff8bd7dd000 	C:\WINDOWS\SYSTEM32\WINMMBASE.dll
0x00007ff8bff50000 - 0x00007ff8bff9a000 	C:\WINDOWS\System32\cfgmgr32.dll
0x00007ff8bfdd0000 - 0x00007ff8bfde1000 	C:\WINDOWS\System32\kernel.appcore.dll
0x00007ff8b8730000 - 0x00007ff8b8740000 	C:\Program Files\Java\jdk-13.0.2\bin\verify.dll
0x00007ff8b3540000 - 0x00007ff8b3734000 	C:\WINDOWS\SYSTEM32\DBGHELP.DLL
0x00007ff8b29f0000 - 0x00007ff8b2a1a000 	C:\WINDOWS\SYSTEM32\dbgcore.DLL
0x00007ff8b8700000 - 0x00007ff8b8726000 	C:\Program Files\Java\jdk-13.0.2\bin\java.dll
0x00007ff8b7240000 - 0x00007ff8b7257000 	C:\Program Files\Java\jdk-13.0.2\bin\zip.dll
0x00007ff8b7230000 - 0x00007ff8b723a000 	C:\Program Files\Java\jdk-13.0.2\bin\jimage.dll
0x00007ff8c1340000 - 0x00007ff8c1a27000 	C:\WINDOWS\System32\SHELL32.dll
0x00007ff8c1230000 - 0x00007ff8c12d9000 	C:\WINDOWS\System32\shcore.dll
0x00007ff8c0480000 - 0x00007ff8c0c02000 	C:\WINDOWS\System32\windows.storage.dll
0x00007ff8bfdf0000 - 0x00007ff8bfe13000 	C:\WINDOWS\System32\profapi.dll
0x00007ff8bfd60000 - 0x00007ff8bfdaa000 	C:\WINDOWS\System32\powrprof.dll
0x00007ff8bfd50000 - 0x00007ff8bfd60000 	C:\WINDOWS\System32\UMPDC.dll
0x00007ff8c2350000 - 0x00007ff8c23a2000 	C:\WINDOWS\System32\shlwapi.dll
0x00007ff8c00f0000 - 0x00007ff8c0107000 	C:\WINDOWS\System32\cryptsp.dll
0x00007ff8b7210000 - 0x00007ff8b7229000 	C:\Program Files\Java\jdk-13.0.2\bin\net.dll
0x00007ff8ba150000 - 0x00007ff8ba240000 	C:\WINDOWS\SYSTEM32\WINHTTP.dll
0x00007ff8bf550000 - 0x00007ff8bf5b7000 	C:\WINDOWS\system32\mswsock.dll
0x00007ff8b6ab0000 - 0x00007ff8b6ac3000 	C:\Program Files\Java\jdk-13.0.2\bin\nio.dll
0x00007ff8bf0c0000 - 0x00007ff8bf0f3000 	C:\WINDOWS\system32\rsaenh.dll
0x00007ff8c0110000 - 0x00007ff8c0136000 	C:\WINDOWS\System32\bcrypt.dll
0x00007ff8bfc70000 - 0x00007ff8bfc95000 	C:\WINDOWS\SYSTEM32\USERENV.dll
0x00007ff8bf720000 - 0x00007ff8bf72c000 	C:\WINDOWS\SYSTEM32\CRYPTBASE.dll
0x00007ff8bf260000 - 0x00007ff8bf29a000 	C:\WINDOWS\SYSTEM32\IPHLPAPI.DLL
0x00007ff8c2450000 - 0x00007ff8c2458000 	C:\WINDOWS\System32\NSI.dll
0x00007ff8ba030000 - 0x00007ff8ba046000 	C:\WINDOWS\SYSTEM32\dhcpcsvc6.DLL
0x00007ff8ba0a0000 - 0x00007ff8ba0bc000 	C:\WINDOWS\SYSTEM32\dhcpcsvc.DLL
0x00007ff8bf2a0000 - 0x00007ff8bf36b000 	C:\WINDOWS\SYSTEM32\DNSAPI.dll

dbghelp: loaded successfully - version: 4.0.5 - missing functions: none
symbol engine: initialized successfully - sym options: 0x614 - pdb path: .;C:\Program Files\Java\jdk-13.0.2\bin;C:\WINDOWS\SYSTEM32;C:\WINDOWS\WinSxS\amd64_microsoft.windows.common-controls_6595b64144ccf1df_6.0.18362.1016_none_9e7a36bbe461dae4;C:\Program Files\Java\jdk-13.0.2\bin\server

VM Arguments:
jvm_args: -Dfile.encoding=Cp1252 
java_command: com.nt.test.LoadTest
java_class_path (initial): G:\Worskpaces\Hibernate\NTHB914\HBProj29-Standalone jdbc con pools\bin\main;C:\Users\Admin\.gradle\caches\modules-2\files-2.1\org.hibernate\hibernate-hikaricp\5.4.18.Final\2d7873ac6b01dc183c45e764a59b02cbfa5585a4\hibernate-hikaricp-5.4.18.Final.jar;C:\Users\Admin\.gradle\caches\modules-2\files-2.1\org.hibernate\hibernate-core\5.4.18.Final\3f828dfe313e2cb2c9702ed6dedbdf2ac74ec017\hibernate-core-5.4.18.Final.jar;C:\Users\Admin\.gradle\caches\modules-2\files-2.1\com.oracle.ojdbc\ojdbc8\19.3.0.0\967c0b1a2d5b1435324de34a9b8018d294f8f47b\ojdbc8-19.3.0.0.jar;C:\Users\Admin\.gradle\caches\modules-2\files-2.1\org.hibernate.common\hibernate-commons-annotations\5.1.0.Final\700aeedc4a2089816621948f0379e17cbd17d5db\hibernate-commons-annotations-5.1.0.Final.jar;C:\Users\Admin\.gradle\caches\modules-2\files-2.1\org.jboss.logging\jboss-logging\3.3.2.Final\3789d00e859632e6c6206adc0c71625559e6e3b0\jboss-logging-3.3.2.Final.jar;C:\Users\Admin\.gradle\caches\modules-2\files-2.1\javax.persistence\javax.persistence-api\2.2\25665ac8c0b62f50e6488173233239120fc52c96\javax.persistence-api-2.2.jar;C:\Users\Admin\.gradle\caches\modules-2\files-2.1\org.javassist\javassist\3.24.0-GA\d7466fc2e3af7c023e95c510f06448ad29b225b3\javassist-3.24.0-GA.jar;C:\Users\Admin\.gradle\caches\modules-2\files-2.1\net.bytebuddy\byte-buddy\1.10.10\602a3da70f603752d3ce20a9997817d8dec39b51\byte-buddy-1.10.10.jar;C:\Users\Admin\.gradle\caches\modules-2\files-2.1\antlr\antlr\2.7.7\83cd2cd674a217ade95a4bb83a8a14f351f48bd0\antlr-2.7.7.jar;C:\Users\Admin\.gradle\caches\modules-2\files-2.1\org.jboss.spec.javax.transaction\jboss-transaction-api_1.2_spec\1.1.1.Final\a8485cab9484dda36e9a8c319e76b5cc18797b58\jboss-transaction-api_1.2_spec-1.1.1.Final.jar;C:\Users\Admin\.gradle\caches\modules-2\files-2.1\org.jboss\jandex\2.1.3.Final\cd56603e39eb1421560b71daa584348ecfd9e0b8\jandex-2.1.3.Final.jar;C:\Users\Admin\.gradle\caches\modules-2\files-2.1\com.fasterxml\classmate\1.5.1\3fe0bed568c62df5e89f4f174
Launcher Type: SUN_STANDARD

[Global flags]
     intx CICompilerCount                          = 3                                         {product} {ergonomic}
     uint ConcGCThreads                            = 1                                         {product} {ergonomic}
     uint G1ConcRefinementThreads                  = 4                                         {product} {ergonomic}
   size_t G1HeapRegionSize                         = 1048576                                   {product} {ergonomic}
    uintx GCDrainStackTargetSize                   = 64                                        {product} {ergonomic}
   size_t InitialHeapSize                          = 134217728                                 {product} {ergonomic}
   size_t MarkStackSize                            = 4194304                                   {product} {ergonomic}
   size_t MaxHeapSize                              = 2120220672                                {product} {ergonomic}
   size_t MaxNewSize                               = 1271922688                                {product} {ergonomic}
   size_t MinHeapDeltaBytes                        = 1048576                                   {product} {ergonomic}
   size_t MinHeapSize                              = 8388608                                   {product} {ergonomic}
    uintx NonNMethodCodeHeapSize                   = 5832780                                {pd product} {ergonomic}
    uintx NonProfiledCodeHeapSize                  = 122912730                              {pd product} {ergonomic}
    uintx ProfiledCodeHeapSize                     = 122912730                              {pd product} {ergonomic}
    uintx ReservedCodeCacheSize                    = 251658240                              {pd product} {ergonomic}
     bool SegmentedCodeCache                       = true                                      {product} {ergonomic}
   size_t SoftMaxHeapSize                          = 2120220672                             {manageable} {ergonomic}
     bool UseCompressedClassPointers               = true                                 {lp64_product} {ergonomic}
     bool UseCompressedOops                        = true                                 {lp64_product} {ergonomic}
     bool UseG1GC                                  = true                                      {product} {ergonomic}
     bool UseLargePagesIndividualAllocation        = false                                  {pd product} {ergonomic}

Logging:
Log output configuration:
 #0: stdout all=warning uptime,level,tags
 #1: stderr all=off uptime,level,tags

Environment Variables:
JAVA_HOME=C:\Program Files\Java\jdk1.8.0_31
CLASSPATH=C:\oraclexe\app\oracle\product\11.2.0\server\jdbc\lib\ojdbc6.jar;.;
PATH=C:/Program Files/Java/jdk-13.0.2/bin/server;C:/Program Files/Java/jdk-13.0.2/bin;C:\Program Files\Java\jdk1.8.0_31\bin;E:\gradle-6.5.1-allSoft\gradle-6.5.1\bin;.;;C:\Users\Admin\Desktop;
USERNAME=Admin
OS=Windows_NT
PROCESSOR_IDENTIFIER=Intel64 Family 6 Model 42 Stepping 7, GenuineIntel



---------------  S Y S T E M  ---------------

OS: Windows 10 , 64 bit Build 18362 (10.0.18362.959)

CPU:total 4 (initial active 4) (4 cores per cpu, 1 threads per core) family 6 model 42 stepping 7, cmov, cx8, fxsr, mmx, sse, sse2, sse3, ssse3, sse4.1, sse4.2, popcnt, avx, aes, clmul, tsc, tscinvbit

Memory: 4k page, system-wide physical 8080M (3518M free)
TotalPageFile size 16080M (AvailPageFile size 9367M)
current process WorkingSet (physical memory assigned to process): 160M, peak: 160M
current process commit charge ("private bytes"): 243M, peak: 247M

vm_info: Java HotSpot(TM) 64-Bit Server VM (13.0.2+8) for windows-amd64 JRE (13.0.2+8), built on Dec 11 2019 09:20:33 by "mach5one" with unknown MS VC++:1916

END.
